2019-04-10 17:40:29,338 ERROR 23444 [-/127.0.0.1/-/8ms GET /] nodejs.Error: Please set config.keys first
    at Application.get keys [as keys] (F:\liuxin\egg-project\node_modules\egg\lib\application.js:257:15)
    at Object.get cookies [as cookies] (F:\liuxin\egg-project\node_modules\egg\app\extend\context.js:22:66)
    at Object.get [egg-security#CSRF_SECRET] (F:\liuxin\egg-project\node_modules\egg-security\app\extend\context.js:86:33)
    at Object.ensureCsrfSecret (F:\liuxin\egg-project\node_modules\egg-security\app\extend\context.js:97:13)
    at csrf (F:\liuxin\egg-project\node_modules\egg-security\lib\middlewares\csrf.js:14:9)
    at dispatch (F:\liuxin\egg-project\node_modules\egg-security\node_modules\koa-compose\index.js:42:32)
    at F:\liuxin\egg-project\node_modules\egg-security\node_modules\koa-compose\index.js:34:12
    at dispatch (F:\liuxin\egg-project\node_modules\koa\node_modules\koa-compose\index.js:42:32)
    at session (F:\liuxin\egg-project\node_modules\koa-session\index.js:41:13)
    at dispatch (F:\liuxin\egg-project\node_modules\koa\node_modules\koa-compose\index.js:42:32)

pid: 23444
hostname: LIUXIN

2019-04-10 17:40:36,884 ERROR 23444 [-/127.0.0.1/-/1ms GET /] nodejs.Error: Please set config.keys first
    at Application.get keys [as keys] (F:\liuxin\egg-project\node_modules\egg\lib\application.js:257:15)
    at Object.get cookies [as cookies] (F:\liuxin\egg-project\node_modules\egg\app\extend\context.js:22:66)
    at Object.get [egg-security#CSRF_SECRET] (F:\liuxin\egg-project\node_modules\egg-security\app\extend\context.js:86:33)
    at Object.ensureCsrfSecret (F:\liuxin\egg-project\node_modules\egg-security\app\extend\context.js:97:13)
    at csrf (F:\liuxin\egg-project\node_modules\egg-security\lib\middlewares\csrf.js:14:9)
    at dispatch (F:\liuxin\egg-project\node_modules\egg-security\node_modules\koa-compose\index.js:42:32)
    at F:\liuxin\egg-project\node_modules\egg-security\node_modules\koa-compose\index.js:34:12
    at dispatch (F:\liuxin\egg-project\node_modules\koa\node_modules\koa-compose\index.js:42:32)
    at session (F:\liuxin\egg-project\node_modules\koa-session\index.js:41:13)
    at dispatch (F:\liuxin\egg-project\node_modules\koa\node_modules\koa-compose\index.js:42:32)

pid: 23444
hostname: LIUXIN

2019-04-10 17:40:37,857 ERROR 23444 [-/127.0.0.1/-/2ms GET /] nodejs.Error: Please set config.keys first
    at Application.get keys [as keys] (F:\liuxin\egg-project\node_modules\egg\lib\application.js:257:15)
    at Object.get cookies [as cookies] (F:\liuxin\egg-project\node_modules\egg\app\extend\context.js:22:66)
    at Object.get [egg-security#CSRF_SECRET] (F:\liuxin\egg-project\node_modules\egg-security\app\extend\context.js:86:33)
    at Object.ensureCsrfSecret (F:\liuxin\egg-project\node_modules\egg-security\app\extend\context.js:97:13)
    at csrf (F:\liuxin\egg-project\node_modules\egg-security\lib\middlewares\csrf.js:14:9)
    at dispatch (F:\liuxin\egg-project\node_modules\egg-security\node_modules\koa-compose\index.js:42:32)
    at F:\liuxin\egg-project\node_modules\egg-security\node_modules\koa-compose\index.js:34:12
    at dispatch (F:\liuxin\egg-project\node_modules\koa\node_modules\koa-compose\index.js:42:32)
    at session (F:\liuxin\egg-project\node_modules\koa-session\index.js:41:13)
    at dispatch (F:\liuxin\egg-project\node_modules\koa\node_modules\koa-compose\index.js:42:32)

pid: 23444
hostname: LIUXIN

2019-04-10 17:47:08,091 ERROR 23444 [-/127.0.0.1/-/1ms GET /] nodejs.Error: Please set config.keys first
    at Application.get keys [as keys] (F:\liuxin\egg-project\node_modules\egg\lib\application.js:257:15)
    at Object.get cookies [as cookies] (F:\liuxin\egg-project\node_modules\egg\app\extend\context.js:22:66)
    at Object.get [egg-security#CSRF_SECRET] (F:\liuxin\egg-project\node_modules\egg-security\app\extend\context.js:86:33)
    at Object.ensureCsrfSecret (F:\liuxin\egg-project\node_modules\egg-security\app\extend\context.js:97:13)
    at csrf (F:\liuxin\egg-project\node_modules\egg-security\lib\middlewares\csrf.js:14:9)
    at dispatch (F:\liuxin\egg-project\node_modules\egg-security\node_modules\koa-compose\index.js:42:32)
    at F:\liuxin\egg-project\node_modules\egg-security\node_modules\koa-compose\index.js:34:12
    at dispatch (F:\liuxin\egg-project\node_modules\koa\node_modules\koa-compose\index.js:42:32)
    at session (F:\liuxin\egg-project\node_modules\koa-session\index.js:41:13)
    at dispatch (F:\liuxin\egg-project\node_modules\koa\node_modules\koa-compose\index.js:42:32)

pid: 23444
hostname: LIUXIN

2019-04-12 11:40:54,652 ERROR 19984 nodejs.ClusterClientNoResponseError: client no response in 85283ms exceeding maxIdleTime 60000ms, maybe the connection is close on other side.
    at Timeout.Leader._heartbeatTimer.setInterval [as _onTimeout] (F:\liuxin\egg-project\node_modules\cluster-client\lib\leader.js:77:23)
    at ontimeout (timers.js:498:11)
    at tryOnTimeout (timers.js:323:5)
    at Timer.listOnTimeout (timers.js:290:5)
name: "ClusterClientNoResponseError"
pid: 19984
hostname: LIUXIN

2019-04-12 12:12:55,994 ERROR 19984 nodejs.ClusterClientNoResponseError: client no response in 101282ms exceeding maxIdleTime 60000ms, maybe the connection is close on other side.
    at Timeout.Leader._heartbeatTimer.setInterval [as _onTimeout] (F:\liuxin\egg-project\node_modules\cluster-client\lib\leader.js:77:23)
    at ontimeout (timers.js:498:11)
    at tryOnTimeout (timers.js:323:5)
    at Timer.listOnTimeout (timers.js:290:5)
name: "ClusterClientNoResponseError"
pid: 19984
hostname: LIUXIN

2019-04-12 12:25:27,798 ERROR 19984 nodejs.unhandledExceptionError: read ECONNRESET
    at _errnoException (util.js:992:11)
    at TCP.onread (net.js:618:25)
code: "ECONNRESET"
errno: "ECONNRESET"
syscall: "read"
name: "unhandledExceptionError"
pid: 19984
hostname: LIUXIN

2019-04-12 13:41:54,110 ERROR 19984 nodejs.unhandledExceptionError: read ECONNRESET
    at _errnoException (util.js:992:11)
    at TCP.onread (net.js:618:25)
code: "ECONNRESET"
errno: "ECONNRESET"
syscall: "read"
name: "unhandledExceptionError"
pid: 19984
hostname: LIUXIN

2019-04-12 13:43:47,192 ERROR 11640 [-/undefined/-/5018ms GET /news] nodejs.ConnectionTimeoutError: Connect timeout for 5000ms, GET https://hacker-news.firebaseio.com/v0/topstories.json -2 (connected: false, keepalive socket: false, agent status: {"createSocketCount":3,"createSocketErrorCount":0,"closeSocketCount":1,"errorSocketCount":0,"timeoutSocketCount":0,"requestCount":0,"freeSockets":{},"sockets":{"hacker-news.firebaseio.com:443:::::::::":2},"requests":{}}, socketHandledRequests: 1, socketHandledResponses: 0)
headers: {}
headers: {}
    at Timeout._onTimeout (F:\liuxin\egg-project\node_modules\urllib\lib\urllib.js:855:15)
    at ontimeout (timers.js:498:11)
    at tryOnTimeout (timers.js:323:5)
    at Timer.listOnTimeout (timers.js:290:5)
name: "ConnectionTimeoutError"
requestId: 1
data: undefined
path: "/v0/topstories.json?orderBy=%22%24key%22&startAt=%220%22&endAt=%224%22"
status: -2
headers: {}
res: {"status":-2,"statusCode":-2,"statusMessage":null,"headers":{},"size":0,"aborted":false,"rt":5011,"keepAliveSocket":false,"requestUrls":["https://hacker-news.firebaseio.com/v0/topstories.json"],"timing":null,"remoteAddress":"35.201.97.85","remotePort":"","socketHandledRequests":1,"socketHandledResponses":0}
headerSent: true
pid: 11640
hostname: LIUXIN

2019-04-12 13:43:48,389 ERROR 11640 [-/undefined/-/5003ms GET /news] nodejs.ConnectionTimeoutError: Connect timeout for 5000ms, GET https://hacker-news.firebaseio.com/v0/topstories.json -2 (connected: false, keepalive socket: false, agent status: {"createSocketCount":3,"createSocketErrorCount":0,"closeSocketCount":2,"errorSocketCount":0,"timeoutSocketCount":0,"requestCount":0,"freeSockets":{},"sockets":{"hacker-news.firebaseio.com:443:::::::::":1},"requests":{}}, socketHandledRequests: 1, socketHandledResponses: 0)
headers: {}
headers: {}
    at Timeout._onTimeout (F:\liuxin\egg-project\node_modules\urllib\lib\urllib.js:855:15)
    at ontimeout (timers.js:498:11)
    at tryOnTimeout (timers.js:323:5)
    at Timer.listOnTimeout (timers.js:290:5)
name: "ConnectionTimeoutError"
requestId: 2
data: undefined
path: "/v0/topstories.json?orderBy=%22%24key%22&startAt=%220%22&endAt=%224%22"
status: -2
headers: {}
res: {"status":-2,"statusCode":-2,"statusMessage":null,"headers":{},"size":0,"aborted":false,"rt":5003,"keepAliveSocket":false,"requestUrls":["https://hacker-news.firebaseio.com/v0/topstories.json"],"timing":null,"remoteAddress":"35.201.97.85","remotePort":"","socketHandledRequests":1,"socketHandledResponses":0}
headerSent: true
pid: 11640
hostname: LIUXIN

2019-04-12 13:43:50,804 ERROR 11640 [-/127.0.0.1/-/5002ms GET /news] nodejs.ConnectionTimeoutError: Connect timeout for 5000ms, GET https://hacker-news.firebaseio.com/v0/topstories.json -2 (connected: false, keepalive socket: false, agent status: {"createSocketCount":3,"createSocketErrorCount":0,"closeSocketCount":3,"errorSocketCount":0,"timeoutSocketCount":0,"requestCount":0,"freeSockets":{},"sockets":{},"requests":{}}, socketHandledRequests: 1, socketHandledResponses: 0)
headers: {}
headers: {}
    at Timeout._onTimeout (F:\liuxin\egg-project\node_modules\urllib\lib\urllib.js:855:15)
    at ontimeout (timers.js:498:11)
    at tryOnTimeout (timers.js:323:5)
    at Timer.listOnTimeout (timers.js:290:5)
name: "ConnectionTimeoutError"
requestId: 3
data: undefined
path: "/v0/topstories.json?orderBy=%22%24key%22&startAt=%220%22&endAt=%224%22"
status: -2
headers: {}
res: {"status":-2,"statusCode":-2,"statusMessage":null,"headers":{},"size":0,"aborted":false,"rt":5002,"keepAliveSocket":false,"requestUrls":["https://hacker-news.firebaseio.com/v0/topstories.json"],"timing":null,"remoteAddress":"35.201.97.85","remotePort":"","socketHandledRequests":1,"socketHandledResponses":0}
pid: 11640
hostname: LIUXIN

2019-04-12 13:43:57,998 ERROR 11640 [-/127.0.0.1/-/5001ms GET /news] nodejs.ConnectionTimeoutError: Connect timeout for 5000ms, GET https://hacker-news.firebaseio.com/v0/topstories.json -2 (connected: false, keepalive socket: false, agent status: {"createSocketCount":4,"createSocketErrorCount":0,"closeSocketCount":4,"errorSocketCount":0,"timeoutSocketCount":0,"requestCount":0,"freeSockets":{},"sockets":{},"requests":{}}, socketHandledRequests: 1, socketHandledResponses: 0)
headers: {}
headers: {}
    at Timeout._onTimeout (F:\liuxin\egg-project\node_modules\urllib\lib\urllib.js:855:15)
    at ontimeout (timers.js:498:11)
    at tryOnTimeout (timers.js:323:5)
    at Timer.listOnTimeout (timers.js:290:5)
name: "ConnectionTimeoutError"
requestId: 4
data: undefined
path: "/v0/topstories.json?orderBy=%22%24key%22&startAt=%220%22&endAt=%224%22"
status: -2
headers: {}
res: {"status":-2,"statusCode":-2,"statusMessage":null,"headers":{},"size":0,"aborted":false,"rt":5000,"keepAliveSocket":false,"requestUrls":["https://hacker-news.firebaseio.com/v0/topstories.json"],"timing":null,"remoteAddress":"35.201.97.85","remotePort":"","socketHandledRequests":1,"socketHandledResponses":0}
pid: 11640
hostname: LIUXIN

2019-04-12 13:44:08,156 ERROR 11640 [-/127.0.0.1/-/5002ms GET /news] nodejs.ConnectionTimeoutError: Connect timeout for 5000ms, GET https://hacker-news.firebaseio.com/v0/topstories.json -2 (connected: false, keepalive socket: false, agent status: {"createSocketCount":5,"createSocketErrorCount":0,"closeSocketCount":5,"errorSocketCount":0,"timeoutSocketCount":0,"requestCount":0,"freeSockets":{},"sockets":{},"requests":{}}, socketHandledRequests: 1, socketHandledResponses: 0)
headers: {}
headers: {}
    at Timeout._onTimeout (F:\liuxin\egg-project\node_modules\urllib\lib\urllib.js:855:15)
    at ontimeout (timers.js:498:11)
    at tryOnTimeout (timers.js:323:5)
    at Timer.listOnTimeout (timers.js:290:5)
name: "ConnectionTimeoutError"
requestId: 5
data: undefined
path: "/v0/topstories.json?orderBy=%22%24key%22&startAt=%220%22&endAt=%224%22"
status: -2
headers: {}
res: {"status":-2,"statusCode":-2,"statusMessage":null,"headers":{},"size":0,"aborted":false,"rt":5001,"keepAliveSocket":false,"requestUrls":["https://hacker-news.firebaseio.com/v0/topstories.json"],"timing":null,"remoteAddress":"35.201.97.85","remotePort":"","socketHandledRequests":1,"socketHandledResponses":0}
pid: 11640
hostname: LIUXIN

2019-04-12 13:44:46,174 ERROR 9944 [-/127.0.0.1/-/5018ms GET /news] nodejs.ConnectionTimeoutError: Connect timeout for 5000ms, GET https://hacker-news.firebaseio.com/v0/topstories.json -2 (connected: false, keepalive socket: false, agent status: {"createSocketCount":1,"createSocketErrorCount":0,"closeSocketCount":1,"errorSocketCount":0,"timeoutSocketCount":0,"requestCount":0,"freeSockets":{},"sockets":{},"requests":{}}, socketHandledRequests: 1, socketHandledResponses: 0)
headers: {}
headers: {}
    at Timeout._onTimeout (F:\liuxin\egg-project\node_modules\urllib\lib\urllib.js:855:15)
    at ontimeout (timers.js:498:11)
    at tryOnTimeout (timers.js:323:5)
    at Timer.listOnTimeout (timers.js:290:5)
name: "ConnectionTimeoutError"
requestId: 1
data: undefined
path: "/v0/topstories.json?orderBy=%22%24key%22&startAt=%220%22&endAt=%224%22"
status: -2
headers: {}
res: {"status":-2,"statusCode":-2,"statusMessage":null,"headers":{},"size":0,"aborted":false,"rt":5013,"keepAliveSocket":false,"requestUrls":["https://hacker-news.firebaseio.com/v0/topstories.json"],"timing":null,"remoteAddress":"35.201.97.85","remotePort":"","socketHandledRequests":1,"socketHandledResponses":0}
pid: 9944
hostname: LIUXIN

2019-04-12 13:45:57,599 ERROR 352 [-/127.0.0.1/-/5023ms GET /news] nodejs.ConnectionTimeoutError: Connect timeout for 5000ms, GET https://hacker-news.firebaseio.com/v0/topstories.json -2 (connected: false, keepalive socket: false, agent status: {"createSocketCount":1,"createSocketErrorCount":0,"closeSocketCount":1,"errorSocketCount":0,"timeoutSocketCount":0,"requestCount":0,"freeSockets":{},"sockets":{},"requests":{}}, socketHandledRequests: 1, socketHandledResponses: 0)
headers: {}
headers: {}
    at Timeout._onTimeout (F:\liuxin\egg-project\node_modules\urllib\lib\urllib.js:855:15)
    at ontimeout (timers.js:498:11)
    at tryOnTimeout (timers.js:323:5)
    at Timer.listOnTimeout (timers.js:290:5)
name: "ConnectionTimeoutError"
requestId: 1
data: undefined
path: "/v0/topstories.json?orderBy=%22%24key%22&startAt=%220%22&endAt=%224%22"
status: -2
headers: {}
res: {"status":-2,"statusCode":-2,"statusMessage":null,"headers":{},"size":0,"aborted":false,"rt":5014,"keepAliveSocket":false,"requestUrls":["https://hacker-news.firebaseio.com/v0/topstories.json"],"timing":null,"remoteAddress":"35.201.97.85","remotePort":"","socketHandledRequests":1,"socketHandledResponses":0}
pid: 352
hostname: LIUXIN

2019-04-12 13:46:24,760 ERROR 7724 [-/127.0.0.1/-/5018ms GET /news] nodejs.ConnectionTimeoutError: Connect timeout for 5000ms, GET https://hacker-news.firebaseio.com/v0/topstories.json -2 (connected: false, keepalive socket: false, agent status: {"createSocketCount":1,"createSocketErrorCount":0,"closeSocketCount":1,"errorSocketCount":0,"timeoutSocketCount":0,"requestCount":0,"freeSockets":{},"sockets":{},"requests":{}}, socketHandledRequests: 1, socketHandledResponses: 0)
headers: {}
headers: {}
    at Timeout._onTimeout (F:\liuxin\egg-project\node_modules\urllib\lib\urllib.js:855:15)
    at ontimeout (timers.js:498:11)
    at tryOnTimeout (timers.js:323:5)
    at Timer.listOnTimeout (timers.js:290:5)
name: "ConnectionTimeoutError"
requestId: 1
data: undefined
path: "/v0/topstories.json?orderBy=%22%24key%22&startAt=%220%22&endAt=%224%22"
status: -2
headers: {}
res: {"status":-2,"statusCode":-2,"statusMessage":null,"headers":{},"size":0,"aborted":false,"rt":5011,"keepAliveSocket":false,"requestUrls":["https://hacker-news.firebaseio.com/v0/topstories.json"],"timing":null,"remoteAddress":"35.201.97.85","remotePort":"","socketHandledRequests":1,"socketHandledResponses":0}
pid: 7724
hostname: LIUXIN

2019-04-12 13:47:08,097 ERROR 7724 [-/127.0.0.1/-/5003ms GET /news] nodejs.ConnectionTimeoutError: Connect timeout for 5000ms, GET https://hacker-news.firebaseio.com/v0/topstories.json -2 (connected: false, keepalive socket: false, agent status: {"createSocketCount":2,"createSocketErrorCount":0,"closeSocketCount":2,"errorSocketCount":0,"timeoutSocketCount":0,"requestCount":0,"freeSockets":{},"sockets":{},"requests":{}}, socketHandledRequests: 1, socketHandledResponses: 0)
headers: {}
headers: {}
    at Timeout._onTimeout (F:\liuxin\egg-project\node_modules\urllib\lib\urllib.js:855:15)
    at ontimeout (timers.js:498:11)
    at tryOnTimeout (timers.js:323:5)
    at Timer.listOnTimeout (timers.js:290:5)
name: "ConnectionTimeoutError"
requestId: 2
data: undefined
path: "/v0/topstories.json?orderBy=%22%24key%22&startAt=%220%22&endAt=%224%22"
status: -2
headers: {}
res: {"status":-2,"statusCode":-2,"statusMessage":null,"headers":{},"size":0,"aborted":false,"rt":5003,"keepAliveSocket":false,"requestUrls":["https://hacker-news.firebaseio.com/v0/topstories.json"],"timing":null,"remoteAddress":"35.201.97.85","remotePort":"","socketHandledRequests":1,"socketHandledResponses":0}
pid: 7724
hostname: LIUXIN

2019-04-12 13:48:18,295 ERROR 7724 [-/127.0.0.1/-/5002ms GET /news] nodejs.ConnectionTimeoutError: Connect timeout for 5000ms, GET https://hacker-news.firebaseio.com/v0/topstories.json -2 (connected: false, keepalive socket: false, agent status: {"createSocketCount":3,"createSocketErrorCount":0,"closeSocketCount":3,"errorSocketCount":0,"timeoutSocketCount":0,"requestCount":0,"freeSockets":{},"sockets":{},"requests":{}}, socketHandledRequests: 1, socketHandledResponses: 0)
headers: {}
headers: {}
    at Timeout._onTimeout (F:\liuxin\egg-project\node_modules\urllib\lib\urllib.js:855:15)
    at ontimeout (timers.js:498:11)
    at tryOnTimeout (timers.js:323:5)
    at Timer.listOnTimeout (timers.js:290:5)
name: "ConnectionTimeoutError"
requestId: 3
data: undefined
path: "/v0/topstories.json?orderBy=%22%24key%22&startAt=%220%22&endAt=%224%22"
status: -2
headers: {}
res: {"status":-2,"statusCode":-2,"statusMessage":null,"headers":{},"size":0,"aborted":false,"rt":5002,"keepAliveSocket":false,"requestUrls":["https://hacker-news.firebaseio.com/v0/topstories.json"],"timing":null,"remoteAddress":"35.201.97.85","remotePort":"","socketHandledRequests":1,"socketHandledResponses":0}
pid: 7724
hostname: LIUXIN

2019-04-12 13:50:01,308 ERROR 7724 [-/undefined/-/5002ms GET /news] nodejs.ConnectionTimeoutError: Connect timeout for 5000ms, GET https://hacker-news.firebaseio.com/v0/topstories.json -2 (connected: false, keepalive socket: false, agent status: {"createSocketCount":4,"createSocketErrorCount":0,"closeSocketCount":4,"errorSocketCount":0,"timeoutSocketCount":0,"requestCount":0,"freeSockets":{},"sockets":{},"requests":{}}, socketHandledRequests: 1, socketHandledResponses: 0)
headers: {}
headers: {}
    at Timeout._onTimeout (F:\liuxin\egg-project\node_modules\urllib\lib\urllib.js:855:15)
    at ontimeout (timers.js:498:11)
    at tryOnTimeout (timers.js:323:5)
    at Timer.listOnTimeout (timers.js:290:5)
name: "ConnectionTimeoutError"
requestId: 4
data: undefined
path: "/v0/topstories.json?orderBy=%22%24key%22&startAt=%220%22&endAt=%224%22"
status: -2
headers: {}
res: {"status":-2,"statusCode":-2,"statusMessage":null,"headers":{},"size":0,"aborted":false,"rt":5001,"keepAliveSocket":false,"requestUrls":["https://hacker-news.firebaseio.com/v0/topstories.json"],"timing":null,"remoteAddress":"35.201.97.85","remotePort":"","socketHandledRequests":1,"socketHandledResponses":0}
headerSent: true
pid: 7724
hostname: LIUXIN

2019-04-12 13:57:02,949 ERROR 7724 [-/127.0.0.1/-/5002ms GET /news] nodejs.ConnectionTimeoutError: Connect timeout for 5000ms, GET https://hacker-news.firebaseio.com/v0/topstories.json -2 (connected: false, keepalive socket: false, agent status: {"createSocketCount":5,"createSocketErrorCount":0,"closeSocketCount":5,"errorSocketCount":0,"timeoutSocketCount":0,"requestCount":0,"freeSockets":{},"sockets":{},"requests":{}}, socketHandledRequests: 1, socketHandledResponses: 0)
headers: {}
headers: {}
    at Timeout._onTimeout (F:\liuxin\egg-project\node_modules\urllib\lib\urllib.js:855:15)
    at ontimeout (timers.js:498:11)
    at tryOnTimeout (timers.js:323:5)
    at Timer.listOnTimeout (timers.js:290:5)
name: "ConnectionTimeoutError"
requestId: 5
data: undefined
path: "/v0/topstories.json?orderBy=%22%24key%22&startAt=%220%22&endAt=%224%22"
status: -2
headers: {}
res: {"status":-2,"statusCode":-2,"statusMessage":null,"headers":{},"size":0,"aborted":false,"rt":5002,"keepAliveSocket":false,"requestUrls":["https://hacker-news.firebaseio.com/v0/topstories.json"],"timing":null,"remoteAddress":"35.201.97.85","remotePort":"","socketHandledRequests":1,"socketHandledResponses":0}
pid: 7724
hostname: LIUXIN

2019-04-12 14:10:32,135 ERROR 7724 [-/127.0.0.1/-/5002ms GET /news] nodejs.ConnectionTimeoutError: Connect timeout for 5000ms, GET https://hacker-news.firebaseio.com/v0/topstories.json -2 (connected: false, keepalive socket: false, agent status: {"createSocketCount":6,"createSocketErrorCount":0,"closeSocketCount":6,"errorSocketCount":0,"timeoutSocketCount":0,"requestCount":0,"freeSockets":{},"sockets":{},"requests":{}}, socketHandledRequests: 1, socketHandledResponses: 0)
headers: {}
headers: {}
    at Timeout._onTimeout (F:\liuxin\egg-project\node_modules\urllib\lib\urllib.js:855:15)
    at ontimeout (timers.js:498:11)
    at tryOnTimeout (timers.js:323:5)
    at Timer.listOnTimeout (timers.js:290:5)
name: "ConnectionTimeoutError"
requestId: 6
data: undefined
path: "/v0/topstories.json?orderBy=%22%24key%22&startAt=%220%22&endAt=%224%22"
status: -2
headers: {}
res: {"status":-2,"statusCode":-2,"statusMessage":null,"headers":{},"size":0,"aborted":false,"rt":5002,"keepAliveSocket":false,"requestUrls":["https://hacker-news.firebaseio.com/v0/topstories.json"],"timing":null,"remoteAddress":"35.201.97.85","remotePort":"","socketHandledRequests":1,"socketHandledResponses":0}
pid: 7724
hostname: LIUXIN

